<?xml version="1.0" encoding="UTF-8"?>
<!-- Generated by org.testng.reporters.JUnitReportReporter -->
<testsuite hostname="LIN77001089" failures="0" tests="1" name="restAssured.PostReq" time="4.532" errors="0" timestamp="2022-01-17T09:16:00 IST" skipped="0">
  <testcase classname="restAssured.PostReq" name="verifyStatusNContent" time="4.532"/>
  <system-out/>
</testsuite> <!-- restAssured.PostReq -->
