<?xml version="1.0" encoding="UTF-8"?>
<!-- Generated by org.testng.reporters.JUnitReportReporter -->
<testsuite hostname="LIN77001089" failures="0" tests="1" name="restAssured.TestAPI" time="3.288" errors="0" timestamp="2022-01-16T18:46:02 IST" skipped="0">
  <testcase classname="restAssured.TestAPI" name="assertvaluefromRes" time="3.288"/>
  <system-out/>
</testsuite> <!-- restAssured.TestAPI -->
